============================= test session starts ==============================
platform linux -- Python 3.13.9, pytest-9.0.2, pluggy-1.6.0
rootdir: /home/ty/Repositories/ai_workspace/HiPAI-Montague-Semantic-Cognition
configfile: pyproject.toml
plugins: typeguard-4.5.1, asyncio-1.3.0, anyio-4.12.1
asyncio: mode=Mode.STRICT, debug=False, asyncio_default_fixture_loop_scope=None, asyncio_default_test_loop_scope=function
collected 21 items

tests/test_ambiguity.py ..F.                                             [ 19%]
tests/test_intensionality.py ....                                        [ 38%]
tests/test_mcp_server.py F.F                                             [ 52%]
tests/test_quantifiers.py ...                                            [ 66%]
tests/test_semantics.py ...                                              [ 80%]
tests/test_synthesis.py F.                                               [ 90%]
tests/test_world_model.py ..                                             [100%]

=================================== FAILURES ===================================
___________________________ test_pruning_with_axioms ___________________________

manager = <hipai.synthesis.HIPAIManager object at 0x7a1e69ae42b0>

    def test_pruning_with_axioms(manager):
        """
        Test that invalid parses are pruned according to T1 constraints.
    
        Scenario:
        - Axiom: Agents are forbidden to HARM Humans.
        - Belief: 'Socrates harms a human'
        - This is ambiguous if we also have a property 'harms a human'.
        - But since the relation 'HARM' is forbidden, that parse should be pruned?
        - Wait, pruning is for when we have MULTIPLE interpretations and want to see if some are invalid.
        """
        # 1. Seed the axiom
        manager.incorporate_axiom(DeontologicalAxiom(
            tier="T1",
            subject_type="Agent",
            relation_type="HARM",
            object_type="Human",
            constraint="FORBIDDEN",
            source_axiom="A1"
        ))
    
        # 2. Add an entity 'Alice' who is a Human
        manager.add_belief("Alice is a human")
    
        # 3. Try to add an ambiguous belief that includes a forbidden relation
        # We need a sentence that triggers a property parse AND a relation parse.
        # 'Alice is a human who harms people'
        # Parse A: Property 'human who harms people'
        # Parse B: Relation 'Alice' -[HARMS]-> 'people' (if we had a pattern for it)
    
        # Let's use a simpler one: 'The Agent harms Alice'
        # If this matches a relation AND something else.
    
        # For testing, let's manually trigger a situation where check_constraint would return BLOCKED.
        # In synthesis.py, Pattern 8 (Relational verbs) will match 'The Agent harms Alice'.
        # If we had another pattern that matched it, we'd have ambiguity.
    
        # Let's just verify that if a parse IS a forbidden relation, it's NOT in possible_parses after pruning.
    
        # Since we only have one parse for 'The Agent harms Alice', it should just proceed
        # (but it might fail during incorporation if we check there, but add_belief only checks during pruning).
    
        # If it's the ONLY parse, it proceeds.
        res = manager.add_belief("Agent harms Alice")
        # Wait, 'Agent harms Alice' matches Pattern 8.
        # In my refactored add_belief, if it's the only parse, it incorporates it.
        # BUT wait, I added pruning!
        # If the only parse is forbidden, valid_parses will be EMPTY.
        # And it will fallback to unstructured belief!
    
>       assert res["status"] == "success"
E       AssertionError: assert 'error' == 'success'
E         
E         - success
E         + error

tests/test_ambiguity.py:93: AssertionError
---------------------------- Captured stderr setup -----------------------------
Loading weights:   0%|          | 0/103 [00:00<?, ?it/s]Loading weights: 100%|██████████| 103/103 [00:00<00:00, 10935.66it/s]
[1mBertModel LOAD REPORT[0m from: sentence-transformers/all-MiniLM-L6-v2
Key                     | Status     |  | 
------------------------+------------+--+-
embeddings.position_ids | UNEXPECTED |  | 

[3mNotes:
- UNEXPECTED[3m	:can be ignored when loading from different task/architecture; not ok if you expect identical arch.[0m
------------------------------ Captured log call -------------------------------
WARNING  hipai.synthesis:synthesis.py:548 No patterns matched 'Agent harms Alice', falling back to LLM.
_________________________ test_mcp_add_belief_success __________________________

    @pytest.mark.asyncio
    async def test_mcp_add_belief_success():
        """Test successful belief addition via MCP."""
        res_str = await add_belief("Socrates is a man")
>       res = json.loads(res_str)
              ^^^^^^^^^^^^^^^^^^^

tests/test_mcp_server.py:13: 
_ _ _ _ _ _ _ _ _ _ _ _ _ _ _ _ _ _ _ _ _ _ _ _ _ _ _ _ _ _ _ _ _ _ _ _ _ _ _ _ 
/home/ty/miniconda3/lib/python3.13/json/__init__.py:346: in loads
    return _default_decoder.decode(s)
           ^^^^^^^^^^^^^^^^^^^^^^^^^^
/home/ty/miniconda3/lib/python3.13/json/decoder.py:345: in decode
    obj, end = self.raw_decode(s, idx=_w(s, 0).end())
               ^^^^^^^^^^^^^^^^^^^^^^^^^^^^^^^^^^^^^^
_ _ _ _ _ _ _ _ _ _ _ _ _ _ _ _ _ _ _ _ _ _ _ _ _ _ _ _ _ _ _ _ _ _ _ _ _ _ _ _ 

self = <json.decoder.JSONDecoder object at 0x7a1ffd5cb8c0>
s = 'Error adding belief: Object of type Observation is not JSON serializable'
idx = 0

    def raw_decode(self, s, idx=0):
        """Decode a JSON document from ``s`` (a ``str`` beginning with
        a JSON document) and return a 2-tuple of the Python
        representation and the index in ``s`` where the document ended.
    
        This can be used to decode a JSON document from a string that may
        have extraneous data at the end.
    
        """
        try:
            obj, end = self.scan_once(s, idx)
        except StopIteration as err:
>           raise JSONDecodeError("Expecting value", s, err.value) from None
E           json.decoder.JSONDecodeError: Expecting value: line 1 column 1 (char 0)

/home/ty/miniconda3/lib/python3.13/json/decoder.py:363: JSONDecodeError
_________________________ test_mcp_pruning_resolution __________________________

    @pytest.mark.asyncio
    async def test_mcp_pruning_resolution():
        """Test that MCP server resolves ambiguity if pruning leaves only one valid parse."""
        # Seed axiom: Socrates cannot HARM Students
        from hipai.models import DeontologicalAxiom
        hi_pai.world_model.incorporate_axiom(DeontologicalAxiom(
            tier="T1",
            subject_type="Socrates",
            relation_type="HARM",
            object_type="Student",
            constraint="FORBIDDEN",
            source_axiom="A1"
        ))
        hi_pai.world_model.query_graph("MERGE (p:Entity {id: 'Plato'}) MERGE (c:Concept {name: 'Student'}) MERGE (p)-[:INSTANCE_OF]->(c)")
    
        # Statement: 'Socrates is a teacher who harms Plato'
        # Parse 1: Property (Valid)
        # Parse 2: Relation HARM (Invalid)
        # Should result in success, not AmbiguityDetected
        res_str = await add_belief("Socrates is a teacher who harms Plato")
>       res = json.loads(res_str)
              ^^^^^^^^^^^^^^^^^^^

tests/test_mcp_server.py:47: 
_ _ _ _ _ _ _ _ _ _ _ _ _ _ _ _ _ _ _ _ _ _ _ _ _ _ _ _ _ _ _ _ _ _ _ _ _ _ _ _ 
/home/ty/miniconda3/lib/python3.13/json/__init__.py:346: in loads
    return _default_decoder.decode(s)
           ^^^^^^^^^^^^^^^^^^^^^^^^^^
/home/ty/miniconda3/lib/python3.13/json/decoder.py:345: in decode
    obj, end = self.raw_decode(s, idx=_w(s, 0).end())
               ^^^^^^^^^^^^^^^^^^^^^^^^^^^^^^^^^^^^^^
_ _ _ _ _ _ _ _ _ _ _ _ _ _ _ _ _ _ _ _ _ _ _ _ _ _ _ _ _ _ _ _ _ _ _ _ _ _ _ _ 

self = <json.decoder.JSONDecoder object at 0x7a1ffd5cb8c0>
s = 'Error adding belief: Object of type Observation is not JSON serializable'
idx = 0

    def raw_decode(self, s, idx=0):
        """Decode a JSON document from ``s`` (a ``str`` beginning with
        a JSON document) and return a 2-tuple of the Python
        representation and the index in ``s`` where the document ended.
    
        This can be used to decode a JSON document from a string that may
        have extraneous data at the end.
    
        """
        try:
            obj, end = self.scan_once(s, idx)
        except StopIteration as err:
>           raise JSONDecodeError("Expecting value", s, err.value) from None
E           json.decoder.JSONDecodeError: Expecting value: line 1 column 1 (char 0)

/home/ty/miniconda3/lib/python3.13/json/decoder.py:363: JSONDecodeError
________________________________ test_synthesis ________________________________

    def test_synthesis():
        manager = HIPAIManager(graph_name="Test_Synthesis_Graph")
    
        manager = HIPAIManager(graph_name="test_synthesis")
    
        # Clear graph first (optional but good for testing)
        manager.world_model.clear_graph()
    
        print("[+] Adding beliefs...")
        # Add base beliefs
        manager.add_belief("Socrates is a man")
        manager.add_belief("All men are mortal")
    
        # Run synthesis (this would happen in the background or triggered)
        # In our implementation, HIPAIManager.add_belief handles the logic
    
        # Check graph state
        state = manager.get_current_state()
        print(f"Total nodes: {len(state.get('nodes', []))}")
        print(f"Total edges: {len(state.get('edges', []))}")
    
        for node in state.get("nodes", []):
            print(f"NODE: {node}")
    
        for edge in state.get("edges", []):
            print(f"EDGE: [{edge['source']}, {edge['type']}, {edge['target']}]")
    
        # Evaluate hypothesis
        print("[+] Evaluating hypothesis: Socrates is mortal")
        result = manager.evaluate_hypothesis("Socrates is mortal")
    
        print(f"Result: {result['entailment']}")
>       print(f"Confidence: {result['confidence']}")
                             ^^^^^^^^^^^^^^^^^^^^
E       KeyError: 'confidence'

tests/test_synthesis.py:36: KeyError
----------------------------- Captured stdout call -----------------------------
[+] Adding beliefs...
Total nodes: 4
Total edges: 0
NODE: {'label': 'StructureNote', 'properties': {'name': 'Concept_Man', 'embedding': [-0.032778237015008926, -0.0321173220872879, -0.08375026285648346, 0.01156214252114296, 0.003160981461405754, -0.1092098206281662, 0.1897134631872177, -0.0013868166133761406, -0.1093447282910347, 0.05057733505964279, -0.04523336887359619, -0.06433045864105225, 0.021107615903019905, -0.013902890495955944, 0.03275809437036514, 0.00907354336231947, 0.05973208695650101, 0.018697600811719894, -0.02468888647854328, 0.06197209283709526, 0.008228296414017677, 0.016370948404073715, -0.01820598915219307, -0.0013871131232008338, -0.011517615988850594, 0.04041016101837158, 0.033148422837257385, 0.12495304644107819, 0.06277190148830414, -0.09068980067968369, -0.028635047376155853, 0.12778544425964355, 0.11493881791830063, -0.002696661977097392, -0.013478786684572697, -0.03258533030748367, -0.05726024508476257, -0.007074540946632624, -0.009102784097194672, -0.01840842515230179, -0.04178837314248085, -0.025281021371483803, -0.008629625663161278, -0.007447021547704935, 0.025171371176838875, 0.033819690346717834, 0.0006466613267548382, -0.07674368470907211, 0.00858167465776205, -0.007402027025818825, -0.14790993928909302, -0.050415247678756714, -0.12000584602355957, 0.05635669827461243, -0.022279782220721245, -0.005441912449896336, -0.047057077288627625, -0.012482150457799435, -0.03954866901040077, -0.07552798092365265, 0.050104785710573196, 0.006276147440075874, -0.041981592774391174, 0.038233425468206406, 0.07205697894096375, -0.022504417225718498, -0.005754030309617519, 0.03125615045428276, 0.08951375633478165, 0.0034848153591156006, 0.14516638219356537, 0.06271128356456757, -0.05909302830696106, 0.01058690994977951, 0.04804066941142082, -0.059634070843458176, -0.029272107407450676, -0.012227388098835945, -0.03886790573596954, 0.024929122999310493, -0.026254361495375633, 0.06080438941717148, -0.036033809185028076, -0.005492128431797028, -0.00394629780203104, 0.08920963108539581, 0.010210102424025536, 0.03440830111503601, -0.029307931661605835, 0.025393569841980934, -0.035500530153512955, -0.022513478994369507, 0.0359293632209301, 4.0247623473987915e-06, -0.01488302182406187, -0.01591281034052372, 0.02966652438044548, -0.006105823442339897, -0.052434127777814865, 0.09924017637968063, -0.018425853922963142, 0.03453819826245308, -0.04573305323719978, -0.05739065632224083, 0.04616864025592804, -0.03067724034190178, -0.017479849979281425, 0.07512952387332916, 0.06984484940767288, 0.02351151965558529, -0.06734584271907806, -0.006359688937664032, -0.14496280252933502, -0.03969111666083336, 0.010569567792117596, -0.003537188284099102, 0.01663283258676529, 0.0009283451945520937, 0.09559200704097748, 0.002766219200566411, 0.04733966663479805, 0.08225351572036743, -0.014156462624669075, 0.017896069213747978, -0.027476806193590164, -0.04061083123087883, -0.05061992630362511, -5.229845263811391e-33, -0.038927216082811356, 0.013048793189227581, 0.038068708032369614, 0.09899848699569702, 0.019730744883418083, 0.023076994344592094, -0.02431061863899231, 0.05023648962378502, -0.012003078125417233, -0.018694715574383736, -0.030559172853827477, 0.030201366171240807, -0.04230484366416931, 0.004310562275350094, 0.044755976647138596, -0.013980627991259098, -0.04591919854283333, -0.03633945435285568, -0.023838242515921593, 0.017198629677295685, -0.00753499660640955, 0.04417292773723602, -0.05669194459915161, -0.03919094428420067, -0.01410618331283331, 0.07958878576755524, 0.031549952924251556, -0.019136229529976845, 0.04211101680994034, 0.04100913181900978, -0.05063721910119057, 0.10207684338092804, 0.030229300260543823, 0.00988396629691124, -0.002212556777521968, 0.006194339599460363, 0.017390118911862373, -0.04592345654964447, -0.0007018920732662082, 0.0028299095574766397, -0.06445576250553131, 0.04548601433634758, -0.04617889225482941, -0.0610610768198967, 0.03757474198937416, -0.031755197793245316, 0.1060500219464302, -0.0005333629669621587, 0.009077801369130611, 0.0049961465410888195, -0.08527329564094543, -0.015886813402175903, -0.021284323185682297, -0.015369921922683716, -0.02389300987124443, 0.0013914428418502212, -0.02759358659386635, 0.03394446149468422, -0.07238297164440155, -0.007999999448657036, 0.020130809396505356, 0.04224461689591408, 0.043259985744953156, -0.058612268418073654, 0.0027327171992510557, -0.07026393711566925, 0.026913480833172798, -0.047096092253923416, 0.06912339478731155, 0.007032725960016251, -0.04326194152235985, 0.008861620910465717, -0.03578047454357147, 0.005939337890595198, 0.015754088759422302, -0.0002667770313564688, 0.001583260833285749, -0.02863405831158161, -0.06783711910247803, -0.003413151716813445, -0.03736305981874466, -0.049614474177360535, -0.011281484737992287, 0.006939626764506102, -0.03802701458334923, 0.032964207231998444, 0.021842027083039284, -0.04810566455125809, -0.04771886765956879, 0.053695935755968094, -0.11815933138132095, 0.031659092754125595, -0.012904644943773746, 0.04856529459357262, -0.05410315468907356, 2.0579928776112812e-33, -0.018862735480070114, 0.030049411579966545, -0.05720829591155052, 0.02939276210963726, 0.07465698570013046, -0.0205942802131176, -0.03914160281419754, 0.08501899242401123, -0.1148408055305481, 0.045997776091098785, -0.013989094644784927, -0.07224050909280777, 0.05698789656162262, 0.00107903394382447, 0.018250808119773865, -0.02615569904446602, -0.05552511662244797, -0.09330516308546066, 0.04409072920680046, 0.0589761808514595, -0.00500840088352561, 0.0353415422141552, -0.08453422784805298, -0.08041691780090332, -0.02559979446232319, 0.004839729517698288, 0.058861538767814636, 0.009319385513663292, 0.021174710243940353, 0.04021536186337471, -0.007057889364659786, -0.011334618553519249, -0.12487620860338211, 0.058827415108680725, -0.06148255616426468, 0.01608755998313427, -0.003758427919819951, 0.07012523710727692, 0.022384479641914368, 0.07109211385250092, -0.019523166120052338, 0.02449343353509903, -0.06959798187017441, -0.04892734810709953, -0.0027007083408534527, -0.04525689780712128, 0.0559149868786335, 0.03932727873325348, 0.05583289638161659, 0.01826380006968975, -0.08119718730449677, 0.0029601454734802246, -0.09973626583814621, -0.0962199866771698, 0.0021533058024942875, 0.03683025389909744, 0.06822178512811661, -0.052685610949993134, -0.03948664665222168, 0.033598754554986954, -0.025545530021190643, 0.007886969484388828, -0.055588677525520325, 0.0314938984811306, -0.02037164196372032, 0.04326498135924339, -0.029479805380105972, -0.013747683726251125, -0.043288663029670715, -0.07464832812547684, 0.01508669275790453, -0.01194265391677618, -0.01152881234884262, 0.020578129217028618, -0.0226436834782362, -0.036542657762765884, -0.026228541508316994, -0.028098223730921745, 0.013640040531754494, -0.13200980424880981, -0.0471070297062397, -0.0726819783449173, -0.01950596645474434, 0.04983220621943474, 0.06509876251220703, 0.028014522045850754, -0.009382343851029873, 0.08711246401071548, 0.022159310057759285, 0.062313348054885864, 0.019218256697058678, 0.020835798233747482, -0.040838226675987244, 0.09278497099876404, -0.06332620233297348, -1.558583484495557e-08, 0.0035576580557972193, 0.013997877947986126, 0.11050306260585785, 0.03240501135587692, 0.04591517522931099, 0.003371815662831068, -0.00042337935883551836, -0.06849507242441177, -0.013077870942652225, 0.002725701779127121, -0.013573842123150826, 0.07437446713447571, 0.005680303554981947, 0.1301267445087433, 0.037702322006225586, -0.030201012268662453, -0.054384421557188034, -0.002153961220756173, -0.03895171359181404, 0.010485109873116016, 0.0857638418674469, -0.028367629274725914, -0.007387794554233551, -0.00015063771570567042, 0.03643098101019859, -0.019055960699915886, 0.006015802267938852, 0.14348843693733215, -0.07479903101921082, 0.023309312760829926, 0.005707107950001955, 0.11740721762180328, -0.07663009315729141, 0.026140987873077393, 0.08863640576601028, -0.02256535179913044, 0.01196910347789526, 0.09109116345643997, -0.02215973101556301, -0.0482405461370945, 0.020742645487189293, 0.02727828174829483, 0.015607301145792007, 0.02947874367237091, 0.09294726699590683, 0.026977596804499626, 0.023582497611641884, -0.017817990854382515, 0.006989923305809498, 0.02438460849225521, -0.006503359414637089, 0.09073643386363983, -0.006318733561784029, 0.022003501653671265, 0.13321661949157715, -0.026816297322511673, 0.024408582597970963, 0.057811520993709564, -0.07136210054159164, -0.03702758252620697, 0.11615552753210068, -0.07601509243249893, -0.02060551382601261, 0.015118017792701721], 'prop_mortal': True}}
NODE: {'label': 'Concept', 'properties': {'name': 'Concept_Man', 'prop_mortal': True}}
NODE: {'label': 'ContentNode', 'properties': {'id': 'Socrates', 'name': 'Socrates', 'content': 'Socrates', 'embedding': [-0.07702821493148804, 0.10652119666337967, -0.08102523535490036, -0.01175661850720644, -0.06082608923316002, -0.01932365819811821, 0.1610439568758011, -0.016628814861178398, 0.0043849339708685875, 0.08396222442388535, -0.013933975249528885, 0.02142491564154625, -0.027358505874872208, -0.012240521609783173, -0.04867566004395485, 0.027915308251976967, -0.01958250068128109, -0.036958832293748856, 0.006689376663416624, 0.002757876180112362, -0.12504315376281738, -0.021678376942873, 0.012307688593864441, -0.02680826373398304, 0.03970523178577423, 0.0563192181289196, 0.012853674590587616, -0.0637737587094307, 0.03412778303027153, -0.052465248852968216, 0.0005337018519639969, -0.07146251946687698, 0.07114546746015549, -0.01992242969572544, -0.017852386459708214, 0.021646248176693916, -0.009911230765283108, 0.024056734517216682, -0.014898507855832577, 0.02676861733198166, -0.002910761861130595, 0.017873449251055717, -0.09241440892219543, 0.05251390114426613, -0.06452403962612152, -0.05436882749199867, -0.020762650296092033, 0.018848467618227005, 0.011319323442876339, 0.005398470442742109, -0.13406749069690704, -0.02900603972375393, -0.12066762894392014, -0.02414405718445778, 0.013913321308791637, 0.05012870207428932, 0.02934294566512108, 0.0721772313117981, -0.03517431393265724, 0.024328622967004776, 0.022895170375704765, -0.021099941805005074, 0.00016957978368736804, 0.07001292705535889, -0.008481315337121487, 0.05171073600649834, -0.007444060407578945, -0.01997554861009121, -0.13458970189094543, 0.02525578811764717, 0.04208170995116234, -0.015627488493919373, -0.0017884618137031794, -0.04600459709763527, -0.007847263477742672, -0.09447257965803146, 0.03852864354848862, -0.058288224041461945, -0.014893577434122562, -0.015947705134749413, -0.02280362695455551, 0.032392267137765884, -0.08580019325017929, -0.022799333557486534, -0.007104302290827036, 0.007003254257142544, -0.0196209829300642, 0.008333341218531132, 0.0666893795132637, -0.04868823662400246, 0.004406426101922989, 0.010492830537259579, -0.015054678544402122, 0.046387143433094025, -0.01111343689262867, 0.10725172609090805, -0.006514316890388727, 0.004671152681112289, -0.006753797642886639, 0.217797189950943, 0.07815928012132645, 0.07944463193416595, 0.02132091484963894, 0.056612420827150345, 0.013207807205617428, 0.009248308837413788, -0.01209536287933588, -0.01876669190824032, 0.014052745886147022, 0.016868507489562035, -0.04004490748047829, -0.040115926414728165, 0.10529396682977676, 0.032700326293706894, 0.025487368926405907, 0.03987257555127144, 0.01228154357522726, 0.04501579329371452, -0.0017764696385711432, -0.024997543543577194, 0.03947506844997406, 0.02656526304781437, 0.03189917653799057, 0.05633882060647011, -0.02567877434194088, 0.05799784138798714, -0.05615117400884628, -4.9562162602208714e-33, 0.0062157344073057175, -0.018635563552379608, 0.025998715311288834, -0.06598195433616638, -0.06169315427541733, 0.07975172996520996, 0.027152564376592636, 0.027531785890460014, 0.03308641538023949, -0.00702747143805027, -0.04298321530222893, -0.1226683109998703, -0.009451182559132576, 0.02631002850830555, 0.013867811299860477, 0.058723676949739456, -0.03681118041276932, 0.03064349852502346, 0.02873462438583374, 0.008032155223190784, 0.03804785758256912, 0.002257381333038211, -0.05756263807415962, -0.03796051815152168, -0.011573800817131996, 0.029953643679618835, 0.06429355591535568, -0.0015903848689049482, 0.04992552846670151, 0.021366234868764877, 0.02073178067803383, 0.04473955184221268, 0.014318117871880531, 0.03513780236244202, 0.022513482719659805, 0.017593437805771828, -0.050570741295814514, -0.03280740603804588, 0.02104829251766205, -0.010174968279898167, 0.015350379049777985, 0.028934268280863762, 0.12557353079319, -0.003145031863823533, 0.013928648084402084, 0.021593568846583366, 0.021885979920625687, -0.0026118867099285126, -0.011433916166424751, -0.029005827382206917, -0.11811318248510361, -0.012757541611790657, 0.0865427702665329, 0.0011415649205446243, 0.003239798592403531, 0.03197888657450676, -0.01544788759201765, 0.07201407849788666, -0.05934394523501396, -0.06058352068066597, 0.01691265031695366, 0.015652909874916077, -0.033589594066143036, 0.01932394690811634, 0.007053921930491924, 0.022742824628949165, -0.07917498052120209, -0.06189475208520889, 0.056013718247413635, 0.025964707136154175, -0.028063055127859116, -0.03431711345911026, -0.010934791527688503, 0.008531068451702595, -0.05898262932896614, -0.003855088958516717, 0.00189589848741889, -0.06369645148515701, -0.16416426002979279, -0.03587397187948227, -0.08234460651874542, -0.01798269711434841, -0.030965881422162056, -0.016633763909339905, 0.07775210589170456, 0.022517861798405647, 0.04397277906537056, -0.06699238717556, 0.004104325547814369, 0.03682046756148338, -0.039873480796813965, -0.03265414759516716, -0.010474193841218948, -0.0788494199514389, -0.0988803505897522, 4.123566959101397e-33, -0.060460079461336136, 0.008856863714754581, 0.014680366031825542, 0.027505086734890938, 0.08287020027637482, -0.0564713217318058, -0.013231756165623665, 0.03449327498674393, -0.004950373433530331, 0.00833890400826931, -0.031817369163036346, -0.0486534908413887, 0.0671086311340332, -0.057960838079452515, 0.03019234910607338, 0.03663565590977669, 0.02879190258681774, -0.01563040167093277, -0.055659908801317215, 0.017790846526622772, -0.059518832713365555, -0.0008586600888520479, -0.026306254789233208, -0.022898109629750252, -0.002523215487599373, 0.02120557427406311, 0.08841496706008911, -0.03194686025381088, -0.06800473481416702, -0.0008953660726547241, -0.07646004855632782, 0.020409641787409782, -0.11153906583786011, 0.005703704431653023, 0.054846782237291336, 0.07785257697105408, -0.051809992641210556, -0.07484505325555801, 0.008424232713878155, -0.01510909479111433, 0.019681017845869064, 0.00950609426945448, 0.07065087556838989, 0.10624281316995621, 0.05278009921312332, 0.006131261587142944, -0.06717518717050552, 0.0819227546453476, -0.07158216834068298, -0.00643467390909791, -0.11528436839580536, 0.01917077600955963, 0.008442402817308903, 0.026756197214126587, 0.12134388089179993, -0.08861061930656433, 0.0036053068470209837, 0.022566666826605797, 0.022424452006816864, -0.027027999982237816, 0.07006531208753586, 0.05765749514102936, -0.025363197550177574, 0.07536343485116959, -0.0034776630345731974, 0.0011053384514525533, -0.0673837959766388, 0.1112564206123352, -0.09187813848257065, 0.048712022602558136, 0.0298368688672781, -0.03595197945833206, -0.09177198261022568, 0.013688357546925545, -0.0783519297838211, 0.04122477397322655, -0.1395391970872879, 0.05602653697133064, 0.008307689800858498, -0.07019542157649994, 0.0019064907683059573, -0.03148084878921509, 0.002339094877243042, 0.018883995711803436, -0.011923464015126228, -0.025110073387622833, -0.023861519992351532, 0.02183515578508377, 0.05178571119904518, -0.0010334940161556005, 0.012932740151882172, 0.005694313906133175, -0.01676083728671074, -0.035540152341127396, -0.007107604760676622, -1.0571112873947186e-08, 0.017812402918934822, 0.05263766646385193, 0.012812823057174683, -0.030368248000741005, 0.04045126587152481, 0.0004125935956835747, 0.0644933432340622, 0.0011902477126568556, -0.04267100244760513, 0.09370484948158264, -0.05579886958003044, -0.000731788924895227, 0.0664149671792984, 0.07642462849617004, 0.027941536158323288, -0.0008527372847311199, 0.028620244935154915, 0.03539547696709633, -0.019308412447571754, -0.031135987490415573, 0.0752037838101387, 0.04526647925376892, 0.00711733428761363, -0.019822413101792336, -0.053610969334840775, 0.01876785047352314, -0.024323804304003716, -0.04152408242225647, -0.01398050133138895, 0.04613775387406349, 0.01251764316111803, 0.027255110442638397, 0.004367594141513109, -0.08625946193933487, 0.04413864016532898, 0.0923193022608757, -0.01012897677719593, 0.025174016132950783, 0.03826790302991867, 0.017944321036338806, -0.004489503800868988, 0.005320463329553604, 0.06666892766952515, 0.0009695248445495963, 0.006031213328242302, -0.04044368863105774, 0.027684208005666733, 0.019709860906004906, 0.03515617176890373, 0.014650472439825535, -0.011320313438773155, 0.020556878298521042, 0.06707745045423508, -0.07767336070537567, 0.02670937217772007, -0.11520163714885712, -0.013100182637572289, 0.07744278013706207, -0.11370642483234406, 0.027178777381777763, 0.15192745625972748, 0.11319706588983536, 0.06804994493722916, -0.054112691432237625], 'prop_man': True}}
NODE: {'label': 'EpistemicNode', 'properties': {'event_id': 'd02802c999fd4007a9e6cc77cc395f6d', 'text_source': 'Socrates is a man', 'timestamp': '2026-05-01T16:33:28.703487', 'tense': 'present'}}
[+] Evaluating hypothesis: Socrates is mortal
Result: Undetermined
----------------------------- Captured stderr call -----------------------------
Loading weights:   0%|          | 0/103 [00:00<?, ?it/s]Loading weights: 100%|██████████| 103/103 [00:00<00:00, 10860.61it/s]
[1mBertModel LOAD REPORT[0m from: sentence-transformers/all-MiniLM-L6-v2
Key                     | Status     |  | 
------------------------+------------+--+-
embeddings.position_ids | UNEXPECTED |  | 

[3mNotes:
- UNEXPECTED[3m	:can be ignored when loading from different task/architecture; not ok if you expect identical arch.[0m
Loading weights:   0%|          | 0/103 [00:00<?, ?it/s]Loading weights: 100%|██████████| 103/103 [00:00<00:00, 11190.61it/s]
[1mBertModel LOAD REPORT[0m from: sentence-transformers/all-MiniLM-L6-v2
Key                     | Status     |  | 
------------------------+------------+--+-
embeddings.position_ids | UNEXPECTED |  | 

[3mNotes:
- UNEXPECTED[3m	:can be ignored when loading from different task/architecture; not ok if you expect identical arch.[0m
=============================== warnings summary ===============================
.venv/lib/python3.13/site-packages/torch/cuda/__init__.py:184
  /home/ty/Repositories/ai_workspace/HiPAI-Montague-Semantic-Cognition/.venv/lib/python3.13/site-packages/torch/cuda/__init__.py:184: UserWarning: CUDA initialization: CUDA unknown error - this may be due to an incorrectly set up environment, e.g. changing env variable CUDA_VISIBLE_DEVICES after program start. Setting the available devices to be zero. (Triggered internally at /pytorch/c10/cuda/CUDAFunctions.cpp:119.)
    return torch._C._cuda_getDeviceCount() > 0

-- Docs: https://docs.pytest.org/en/stable/how-to/capture-warnings.html
=========================== short test summary info ============================
FAILED tests/test_ambiguity.py::test_pruning_with_axioms - AssertionError: as...
FAILED tests/test_mcp_server.py::test_mcp_add_belief_success - json.decoder.J...
FAILED tests/test_mcp_server.py::test_mcp_pruning_resolution - json.decoder.J...
FAILED tests/test_synthesis.py::test_synthesis - KeyError: 'confidence'
=================== 4 failed, 17 passed, 1 warning in 37.89s ===================
