============================= test session starts ==============================
platform linux -- Python 3.13.9, pytest-9.0.2, pluggy-1.6.0
rootdir: /home/ty/Repositories/ai_workspace/HiPAI-Montague-Semantic-Cognition
configfile: pyproject.toml
plugins: typeguard-4.5.1, asyncio-1.3.0, anyio-4.12.1
asyncio: mode=Mode.STRICT, debug=False, asyncio_default_fixture_loop_scope=None, asyncio_default_test_loop_scope=function
collected 4 items

tests/test_intensionality.py .FFF                                        [100%]

=================================== FAILURES ===================================
________________________________ test_modal_can ________________________________
tests/test_intensionality.py:27: in test_modal_can
    assert res["entailment"] == "Undetermined" or res["entailment"] != "Entailed"
           ^^^^^^^^^^^^^^^^^
E   TypeError: 'NoneType' object is not subscriptable
----------------------------- Captured stderr call -----------------------------
Loading weights:   0%|          | 0/103 [00:00<?, ?it/s]Loading weights: 100%|██████████| 103/103 [00:00<00:00, 10400.69it/s]
[1mBertModel LOAD REPORT[0m from: sentence-transformers/all-MiniLM-L6-v2
Key                     | Status     |  | 
------------------------+------------+--+-
embeddings.position_ids | UNEXPECTED |  | 

[3mNotes:
- UNEXPECTED[3m	:can be ignored when loading from different task/architecture; not ok if you expect identical arch.[0m
____________________________ test_factive_attitude _____________________________
tests/test_intensionality.py:36: in test_factive_attitude
    manager.add_belief("Bob knows that the human is mortal.")
src/hipai/synthesis.py:530: in add_belief
    raise AmbiguityDetectedError(valid_parses)
E   src.hipai.exceptions.AmbiguityDetectedError: Ambiguity detected: 2 possible interpretations found.
----------------------------- Captured stderr call -----------------------------
Loading weights:   0%|          | 0/103 [00:00<?, ?it/s]Loading weights: 100%|██████████| 103/103 [00:00<00:00, 10377.95it/s]
[1mBertModel LOAD REPORT[0m from: sentence-transformers/all-MiniLM-L6-v2
Key                     | Status     |  | 
------------------------+------------+--+-
embeddings.position_ids | UNEXPECTED |  | 

[3mNotes:
- UNEXPECTED[3m	:can be ignored when loading from different task/architecture; not ok if you expect identical arch.[0m
___________________________ test_nonfactive_attitude ___________________________
tests/test_intensionality.py:48: in test_nonfactive_attitude
    manager.add_belief("Alice believes that the sky is green.")
src/hipai/synthesis.py:530: in add_belief
    raise AmbiguityDetectedError(valid_parses)
E   src.hipai.exceptions.AmbiguityDetectedError: Ambiguity detected: 2 possible interpretations found.
----------------------------- Captured stderr call -----------------------------
Loading weights:   0%|          | 0/103 [00:00<?, ?it/s]Loading weights: 100%|██████████| 103/103 [00:00<00:00, 10613.53it/s]
[1mBertModel LOAD REPORT[0m from: sentence-transformers/all-MiniLM-L6-v2
Key                     | Status     |  | 
------------------------+------------+--+-
embeddings.position_ids | UNEXPECTED |  | 

[3mNotes:
- UNEXPECTED[3m	:can be ignored when loading from different task/architecture; not ok if you expect identical arch.[0m
=============================== warnings summary ===============================
.venv/lib/python3.13/site-packages/torch/cuda/__init__.py:184
  /home/ty/Repositories/ai_workspace/HiPAI-Montague-Semantic-Cognition/.venv/lib/python3.13/site-packages/torch/cuda/__init__.py:184: UserWarning: CUDA initialization: CUDA unknown error - this may be due to an incorrectly set up environment, e.g. changing env variable CUDA_VISIBLE_DEVICES after program start. Setting the available devices to be zero. (Triggered internally at /pytorch/c10/cuda/CUDAFunctions.cpp:119.)
    return torch._C._cuda_getDeviceCount() > 0

-- Docs: https://docs.pytest.org/en/stable/how-to/capture-warnings.html
=========================== short test summary info ============================
FAILED tests/test_intensionality.py::test_modal_can - TypeError: 'NoneType' o...
FAILED tests/test_intensionality.py::test_factive_attitude - src.hipai.except...
FAILED tests/test_intensionality.py::test_nonfactive_attitude - src.hipai.exc...
=================== 3 failed, 1 passed, 1 warning in 12.31s ====================
